<?xml version="1.0" encoding="UTF-8"?>
<!-- Generated by org.testng.reporters.JUnitXMLReporter -->
<testsuite ignored="0" hostname="DESKTOP-M60PAQ1" failures="0" tests="4" name="Default test" time="13.076" errors="0" timestamp="11 Apr 2024 14:32:41 GMT">
  <testcase classname="net.calculator.testCases.TC_001_Calculation" name="Calculation" time="0.717"/>
  <testcase classname="net.calculator.testCases.TC_001_Calculation" name="Calculation" time="0.596"/>
  <testcase classname="net.calculator.testCases.TC_001_Calculation" name="Calculation" time="0.961"/>
  <testcase classname="net.calculator.testCases.TC_001_Calculation" name="Calculation" time="0.999"/>
</testsuite> <!-- Default test -->
