<?xml version="1.0" encoding="UTF-8"?>
<!-- Generated by org.testng.reporters.JUnitXMLReporter -->
<testsuite ignored="0" hostname="DESKTOP-M60PAQ1" failures="0" tests="4" name="CalculatorTest" time="24.592" errors="0" timestamp="11 Apr 2024 15:06:51 GMT">
  <testcase classname="net.calculator.testCases.TC_001_Calculation" name="Calculation" time="1.03"/>
  <testcase classname="net.calculator.testCases.TC_001_Calculation" name="Calculation" time="0.641"/>
  <testcase classname="net.calculator.testCases.TC_001_Calculation" name="Calculation" time="1.311"/>
  <testcase classname="net.calculator.testCases.TC_001_Calculation" name="Calculation" time="1.009"/>
</testsuite> <!-- CalculatorTest -->
